<?xml version="1.0" encoding="UTF-8"?>
<coverage generated="1679421514551" clover="3.2.0">
  <project timestamp="1679421514551" name="All files">
    <metrics statements="104" coveredstatements="74" conditionals="52" coveredconditionals="29" methods="36" coveredmethods="17" elements="192" coveredelements="120" complexity="0" loc="104" ncloc="104" packages="1" files="5" classes="5"/>
    <file name="Toast.tsx" path="/Users/ray/Dev/react-native/react-native-toaster/src/Toast.tsx">
      <metrics statements="73" coveredstatements="47" conditionals="45" coveredconditionals="26" methods="23" coveredmethods="7"/>
      <line num="18" count="1" type="stmt"/>
      <line num="19" count="1" type="stmt"/>
      <line num="20" count="1" type="stmt"/>
      <line num="21" count="1" type="stmt"/>
      <line num="22" count="1" type="stmt"/>
      <line num="23" count="1" type="stmt"/>
      <line num="24" count="1" type="stmt"/>
      <line num="25" count="1" type="stmt"/>
      <line num="31" count="1" type="stmt"/>
      <line num="37" count="1" type="stmt"/>
      <line num="38" count="1" type="stmt"/>
      <line num="64" count="1" type="stmt"/>
      <line num="72" count="10" type="cond" truecount="1" falsecount="1"/>
      <line num="73" count="10" type="stmt"/>
      <line num="74" count="10" type="stmt"/>
      <line num="75" count="10" type="stmt"/>
      <line num="77" count="0" type="stmt"/>
      <line num="80" count="0" type="stmt"/>
      <line num="83" count="0" type="cond" truecount="0" falsecount="2"/>
      <line num="86" count="0" type="stmt"/>
      <line num="87" count="0" type="stmt"/>
      <line num="89" count="0" type="stmt"/>
      <line num="90" count="0" type="cond" truecount="0" falsecount="2"/>
      <line num="93" count="0" type="stmt"/>
      <line num="96" count="0" type="stmt"/>
      <line num="100" count="0" type="cond" truecount="0" falsecount="2"/>
      <line num="102" count="0" type="stmt"/>
      <line num="106" count="0" type="stmt"/>
      <line num="111" count="0" type="stmt"/>
      <line num="112" count="0" type="cond" truecount="0" falsecount="2"/>
      <line num="114" count="0" type="stmt"/>
      <line num="115" count="0" type="cond" truecount="0" falsecount="2"/>
      <line num="116" count="0" type="stmt"/>
      <line num="117" count="0" type="stmt"/>
      <line num="119" count="0" type="stmt"/>
      <line num="126" count="10" type="stmt"/>
      <line num="127" count="3" type="stmt"/>
      <line num="128" count="3" type="stmt"/>
      <line num="131" count="10" type="stmt"/>
      <line num="132" count="0" type="stmt"/>
      <line num="133" count="0" type="stmt"/>
      <line num="136" count="10" type="stmt"/>
      <line num="138" count="1" type="stmt"/>
      <line num="140" count="1" type="cond" truecount="1" falsecount="1"/>
      <line num="142" count="1" type="cond" truecount="1" falsecount="1"/>
      <line num="149" count="10" type="stmt"/>
      <line num="152" count="10" type="stmt"/>
      <line num="153" count="10" type="cond" truecount="2" falsecount="0"/>
      <line num="154" count="3" type="stmt"/>
      <line num="155" count="3" type="cond" truecount="1" falsecount="1"/>
      <line num="156" count="3" type="stmt"/>
      <line num="160" count="10" type="cond" truecount="2" falsecount="0"/>
      <line num="161" count="7" type="cond" truecount="2" falsecount="0"/>
      <line num="162" count="7" type="cond" truecount="2" falsecount="0"/>
      <line num="163" count="1" type="stmt"/>
      <line num="164" count="1" type="stmt"/>
      <line num="167" count="10" type="stmt"/>
      <line num="169" count="10" type="stmt"/>
      <line num="173" count="10" type="stmt"/>
      <line num="197" count="0" type="stmt"/>
      <line num="198" count="0" type="stmt"/>
      <line num="201" count="1" type="stmt"/>
      <line num="202" count="1" type="stmt"/>
      <line num="233" count="1" type="stmt"/>
      <line num="240" count="1" type="stmt"/>
      <line num="244" count="10" type="cond" truecount="1" falsecount="3"/>
      <line num="246" count="0" type="stmt"/>
      <line num="248" count="0" type="stmt"/>
      <line num="250" count="0" type="stmt"/>
      <line num="252" count="10" type="stmt"/>
      <line num="256" count="1" type="stmt"/>
      <line num="258" count="1" type="stmt"/>
      <line num="295" count="1" type="cond" truecount="0" falsecount="2"/>
    </file>
    <file name="ToastContext.tsx" path="/Users/ray/Dev/react-native/react-native-toaster/src/ToastContext.tsx">
      <metrics statements="27" coveredstatements="26" conditionals="7" coveredconditionals="3" methods="10" coveredmethods="9"/>
      <line num="28" count="5" type="stmt"/>
      <line num="32" count="1" type="stmt"/>
      <line num="34" count="1" type="stmt"/>
      <line num="39" count="1" type="stmt"/>
      <line num="43" count="1" type="stmt"/>
      <line num="44" count="4" type="stmt"/>
      <line num="45" count="4" type="cond" truecount="1" falsecount="1"/>
      <line num="46" count="0" type="stmt"/>
      <line num="48" count="4" type="stmt"/>
      <line num="62" count="5" type="stmt"/>
      <line num="63" count="5" type="stmt"/>
      <line num="64" count="5" type="stmt"/>
      <line num="68" count="5" type="stmt"/>
      <line num="69" count="1" type="stmt"/>
      <line num="70" count="5" type="stmt"/>
      <line num="72" count="5" type="stmt"/>
      <line num="73" count="1" type="stmt"/>
      <line num="74" count="1" type="stmt"/>
      <line num="77" count="5" type="stmt"/>
      <line num="78" count="1" type="stmt"/>
      <line num="81" count="5" type="cond" truecount="0" falsecount="1"/>
      <line num="82" count="1" type="cond" truecount="1" falsecount="1"/>
      <line num="83" count="1" type="stmt"/>
      <line num="84" count="1" type="cond" truecount="1" falsecount="1"/>
      <line num="85" count="1" type="stmt"/>
      <line num="86" count="1" type="stmt"/>
      <line num="90" count="5" type="stmt"/>
    </file>
    <file name="index.tsx" path="/Users/ray/Dev/react-native/react-native-toaster/src/index.tsx">
      <metrics statements="0" coveredstatements="0" conditionals="0" coveredconditionals="0" methods="0" coveredmethods="0"/>
    </file>
    <file name="types.ts" path="/Users/ray/Dev/react-native/react-native-toaster/src/types.ts">
      <metrics statements="0" coveredstatements="0" conditionals="0" coveredconditionals="0" methods="0" coveredmethods="0"/>
    </file>
    <file name="utils.ts" path="/Users/ray/Dev/react-native/react-native-toaster/src/utils.ts">
      <metrics statements="4" coveredstatements="1" conditionals="0" coveredconditionals="0" methods="3" coveredmethods="1"/>
      <line num="3" count="0" type="stmt"/>
      <line num="4" count="0" type="stmt"/>
      <line num="5" count="0" type="stmt"/>
      <line num="10" count="2" type="stmt"/>
    </file>
  </project>
</coverage>
