{"/Users/ray/Dev/react-native/react-native-toaster/src/Toast.tsx": {"path":"/Users/ray/Dev/react-native/react-native-toaster/src/Toast.tsx","statementMap":{"0":{"start":{"line":18,"column":21},"end":{"line":18,"column":23}},"1":{"start":{"line":19,"column":18},"end":{"line":19,"column":20}},"2":{"start":{"line":20,"column":20},"end":{"line":20,"column":62}},"3":{"start":{"line":21,"column":25},"end":{"line":21,"column":38}},"4":{"start":{"line":22,"column":30},"end":{"line":22,"column":47}},"5":{"start":{"line":23,"column":24},"end":{"line":23,"column":25}},"6":{"start":{"line":24,"column":22},"end":{"line":24,"column":23}},"7":{"start":{"line":25,"column":25},"end":{"line":30,"column":1}},"8":{"start":{"line":31,"column":25},"end":{"line":36,"column":1}},"9":{"start":{"line":37,"column":24},"end":{"line":37,"column":27}},"10":{"start":{"line":38,"column":22},"end":{"line":38,"column":26}},"11":{"start":{"line":64,"column":14},"end":{"line":64,"column":19}},"12":{"start":{"line":72,"column":2},"end":{"line":72,"column":77}},"13":{"start":{"line":73,"column":16},"end":{"line":73,"column":49}},"14":{"start":{"line":74,"column":12},"end":{"line":74,"column":56}},"15":{"start":{"line":75,"column":23},"end":{"line":124,"column":11}},"16":{"start":{"line":77,"column":42},"end":{"line":77,"column":46}},"17":{"start":{"line":80,"column":8},"end":{"line":80,"column":24}},"18":{"start":{"line":83,"column":8},"end":{"line":88,"column":9}},"19":{"start":{"line":86,"column":10},"end":{"line":86,"column":38}},"20":{"start":{"line":87,"column":10},"end":{"line":87,"column":77}},"21":{"start":{"line":87,"column":43},"end":{"line":87,"column":68}},"22":{"start":{"line":89,"column":37},"end":{"line":89,"column":43}},"23":{"start":{"line":90,"column":8},"end":{"line":97,"column":9}},"24":{"start":{"line":93,"column":10},"end":{"line":93,"column":69}},"25":{"start":{"line":96,"column":10},"end":{"line":96,"column":50}},"26":{"start":{"line":100,"column":8},"end":{"line":103,"column":9}},"27":{"start":{"line":102,"column":10},"end":{"line":102,"column":70}},"28":{"start":{"line":106,"column":8},"end":{"line":109,"column":19}},"29":{"start":{"line":111,"column":27},"end":{"line":121,"column":10}},"30":{"start":{"line":112,"column":10},"end":{"line":120,"column":11}},"31":{"start":{"line":114,"column":12},"end":{"line":118,"column":21}},"32":{"start":{"line":115,"column":14},"end":{"line":115,"column":61}},"33":{"start":{"line":115,"column":33},"end":{"line":115,"column":61}},"34":{"start":{"line":116,"column":14},"end":{"line":116,"column":51}},"35":{"start":{"line":117,"column":14},"end":{"line":117,"column":26}},"36":{"start":{"line":119,"column":12},"end":{"line":119,"column":49}},"37":{"start":{"line":126,"column":15},"end":{"line":129,"column":13}},"38":{"start":{"line":127,"column":4},"end":{"line":127,"column":25}},"39":{"start":{"line":128,"column":4},"end":{"line":128,"column":72}},"40":{"start":{"line":131,"column":17},"end":{"line":134,"column":13}},"41":{"start":{"line":132,"column":4},"end":{"line":132,"column":24}},"42":{"start":{"line":133,"column":4},"end":{"line":133,"column":36}},"43":{"start":{"line":136,"column":15},"end":{"line":147,"column":3}},"44":{"start":{"line":138,"column":6},"end":{"line":138,"column":32}},"45":{"start":{"line":140,"column":6},"end":{"line":144,"column":19}},"46":{"start":{"line":142,"column":30},"end":{"line":142,"column":50}},"47":{"start":{"line":149,"column":23},"end":{"line":149,"column":35}},"48":{"start":{"line":152,"column":2},"end":{"line":171,"column":24}},"49":{"start":{"line":153,"column":4},"end":{"line":158,"column":5}},"50":{"start":{"line":154,"column":6},"end":{"line":154,"column":13}},"51":{"start":{"line":155,"column":6},"end":{"line":157,"column":7}},"52":{"start":{"line":156,"column":8},"end":{"line":156,"column":75}},"53":{"start":{"line":156,"column":41},"end":{"line":156,"column":66}},"54":{"start":{"line":160,"column":4},"end":{"line":166,"column":5}},"55":{"start":{"line":161,"column":6},"end":{"line":161,"column":51}},"56":{"start":{"line":162,"column":6},"end":{"line":165,"column":7}},"57":{"start":{"line":163,"column":8},"end":{"line":163,"column":29}},"58":{"start":{"line":164,"column":8},"end":{"line":164,"column":15}},"59":{"start":{"line":167,"column":4},"end":{"line":167,"column":33}},"60":{"start":{"line":169,"column":4},"end":{"line":169,"column":41}},"61":{"start":{"line":169,"column":10},"end":{"line":169,"column":40}},"62":{"start":{"line":173,"column":2},"end":{"line":230,"column":4}},"63":{"start":{"line":197,"column":10},"end":{"line":197,"column":32}},"64":{"start":{"line":198,"column":10},"end":{"line":198,"column":36}},"65":{"start":{"line":201,"column":10},"end":{"line":201,"column":28}},"66":{"start":{"line":202,"column":10},"end":{"line":202,"column":36}},"67":{"start":{"line":233,"column":31},"end":{"line":238,"column":1}},"68":{"start":{"line":240,"column":26},"end":{"line":254,"column":1}},"69":{"start":{"line":244,"column":2},"end":{"line":253,"column":3}},"70":{"start":{"line":246,"column":6},"end":{"line":246,"column":28}},"71":{"start":{"line":248,"column":6},"end":{"line":248,"column":25}},"72":{"start":{"line":250,"column":6},"end":{"line":250,"column":25}},"73":{"start":{"line":252,"column":6},"end":{"line":252,"column":28}},"74":{"start":{"line":256,"column":22},"end":{"line":256,"column":23}},"75":{"start":{"line":258,"column":15},"end":{"line":294,"column":2}},"76":{"start":{"line":295,"column":38},"end":{"line":295,"column":36713}},"77":{"start":{"line":295,"column":42},"end":{"line":295,"column":36702}},"78":{"start":{"line":295,"column":36751},"end":{"line":295,"column":36791}},"79":{"start":{"line":295,"column":36755},"end":{"line":295,"column":36780}},"80":{"start":{"line":295,"column":36792},"end":{"line":295,"column":36800}},"81":{"start":{"line":295,"column":36802},"end":{"line":295,"column":36808}},"82":{"start":{"line":295,"column":36844},"end":{"line":295,"column":36886}},"83":{"start":{"line":295,"column":36848},"end":{"line":295,"column":36875}},"84":{"start":{"line":295,"column":36887},"end":{"line":295,"column":36895}},"85":{"start":{"line":295,"column":36897},"end":{"line":295,"column":36903}},"86":{"start":{"line":295,"column":36920},"end":{"line":295,"column":36957}},"87":{"start":{"line":295,"column":36924},"end":{"line":295,"column":36946}},"88":{"start":{"line":295,"column":36959},"end":{"line":295,"column":36965}},"89":{"start":{"line":295,"column":36982},"end":{"line":295,"column":37022}},"90":{"start":{"line":295,"column":36986},"end":{"line":295,"column":37011}},"91":{"start":{"line":295,"column":37024},"end":{"line":295,"column":37030}}},"fnMap":{"0":{"name":"Toast","decl":{"start":{"line":66,"column":16},"end":{"line":66,"column":21}},"loc":{"start":{"line":71,"column":10},"end":{"line":231,"column":1}},"line":71},"1":{"name":"(anonymous_1)","decl":{"start":{"line":77,"column":36},"end":{"line":77,"column":37}},"loc":{"start":{"line":77,"column":42},"end":{"line":77,"column":46}},"line":77},"2":{"name":"(anonymous_2)","decl":{"start":{"line":78,"column":35},"end":{"line":78,"column":36}},"loc":{"start":{"line":78,"column":50},"end":{"line":81,"column":7}},"line":78},"3":{"name":"(anonymous_3)","decl":{"start":{"line":82,"column":26},"end":{"line":82,"column":27}},"loc":{"start":{"line":82,"column":41},"end":{"line":98,"column":7}},"line":82},"4":{"name":"(anonymous_4)","decl":{"start":{"line":87,"column":37},"end":{"line":87,"column":38}},"loc":{"start":{"line":87,"column":43},"end":{"line":87,"column":68}},"line":87},"5":{"name":"(anonymous_5)","decl":{"start":{"line":99,"column":29},"end":{"line":99,"column":30}},"loc":{"start":{"line":99,"column":48},"end":{"line":122,"column":7}},"line":99},"6":{"name":"(anonymous_6)","decl":{"start":{"line":111,"column":49},"end":{"line":111,"column":50}},"loc":{"start":{"line":111,"column":64},"end":{"line":121,"column":9}},"line":111},"7":{"name":"(anonymous_7)","decl":{"start":{"line":114,"column":21},"end":{"line":114,"column":22}},"loc":{"start":{"line":114,"column":27},"end":{"line":118,"column":13}},"line":114},"8":{"name":"(anonymous_8)","decl":{"start":{"line":126,"column":27},"end":{"line":126,"column":28}},"loc":{"start":{"line":126,"column":33},"end":{"line":129,"column":3}},"line":126},"9":{"name":"(anonymous_9)","decl":{"start":{"line":131,"column":29},"end":{"line":131,"column":30}},"loc":{"start":{"line":131,"column":35},"end":{"line":134,"column":3}},"line":131},"10":{"name":"(anonymous_10)","decl":{"start":{"line":137,"column":4},"end":{"line":137,"column":5}},"loc":{"start":{"line":137,"column":33},"end":{"line":145,"column":5}},"line":137},"11":{"name":"(anonymous_11)","decl":{"start":{"line":142,"column":12},"end":{"line":142,"column":13}},"loc":{"start":{"line":142,"column":30},"end":{"line":142,"column":50}},"line":142},"12":{"name":"(anonymous_12)","decl":{"start":{"line":152,"column":12},"end":{"line":152,"column":13}},"loc":{"start":{"line":152,"column":18},"end":{"line":171,"column":3}},"line":152},"13":{"name":"(anonymous_13)","decl":{"start":{"line":156,"column":35},"end":{"line":156,"column":36}},"loc":{"start":{"line":156,"column":41},"end":{"line":156,"column":66}},"line":156},"14":{"name":"(anonymous_14)","decl":{"start":{"line":169,"column":4},"end":{"line":169,"column":5}},"loc":{"start":{"line":169,"column":10},"end":{"line":169,"column":40}},"line":169},"15":{"name":"(anonymous_15)","decl":{"start":{"line":196,"column":21},"end":{"line":196,"column":22}},"loc":{"start":{"line":196,"column":27},"end":{"line":199,"column":9}},"line":196},"16":{"name":"(anonymous_16)","decl":{"start":{"line":200,"column":17},"end":{"line":200,"column":18}},"loc":{"start":{"line":200,"column":23},"end":{"line":203,"column":9}},"line":200},"17":{"name":"(anonymous_17)","decl":{"start":{"line":240,"column":26},"end":{"line":240,"column":27}},"loc":{"start":{"line":243,"column":5},"end":{"line":254,"column":1}},"line":243},"18":{"name":"oo_cm","decl":{"start":{"line":295,"column":30},"end":{"line":295,"column":35}},"loc":{"start":{"line":295,"column":37},"end":{"line":295,"column":36714}},"line":295},"19":{"name":"oo_oo","decl":{"start":{"line":295,"column":36724},"end":{"line":295,"column":36729}},"loc":{"start":{"line":295,"column":36750},"end":{"line":295,"column":36801}},"line":295},"20":{"name":"oo_tr","decl":{"start":{"line":295,"column":36817},"end":{"line":295,"column":36822}},"loc":{"start":{"line":295,"column":36843},"end":{"line":295,"column":36896}},"line":295},"21":{"name":"oo_ts","decl":{"start":{"line":295,"column":36912},"end":{"line":295,"column":36917}},"loc":{"start":{"line":295,"column":36919},"end":{"line":295,"column":36958}},"line":295},"22":{"name":"oo_te","decl":{"start":{"line":295,"column":36974},"end":{"line":295,"column":36979}},"loc":{"start":{"line":295,"column":36981},"end":{"line":295,"column":37023}},"line":295}},"branchMap":{"0":{"loc":{"start":{"line":67,"column":2},"end":{"line":67,"column":23}},"type":"default-arg","locations":[{"start":{"line":67,"column":10},"end":{"line":67,"column":23}}],"line":67},"1":{"loc":{"start":{"line":68,"column":2},"end":{"line":68,"column":19}},"type":"default-arg","locations":[{"start":{"line":68,"column":15},"end":{"line":68,"column":19}}],"line":68},"2":{"loc":{"start":{"line":69,"column":2},"end":{"line":69,"column":31}},"type":"default-arg","locations":[{"start":{"line":69,"column":14},"end":{"line":69,"column":31}}],"line":69},"3":{"loc":{"start":{"line":72,"column":2},"end":{"line":72,"column":76}},"type":"binary-expr","locations":[{"start":{"line":72,"column":2},"end":{"line":72,"column":7}},{"start":{"line":72,"column":31},"end":{"line":72,"column":76}}],"line":72},"4":{"loc":{"start":{"line":83,"column":8},"end":{"line":88,"column":9}},"type":"if","locations":[{"start":{"line":83,"column":8},"end":{"line":88,"column":9}},{"start":{},"end":{}}],"line":83},"5":{"loc":{"start":{"line":90,"column":8},"end":{"line":97,"column":9}},"type":"if","locations":[{"start":{"line":90,"column":8},"end":{"line":97,"column":9}},{"start":{"line":94,"column":15},"end":{"line":97,"column":9}}],"line":90},"6":{"loc":{"start":{"line":100,"column":8},"end":{"line":103,"column":9}},"type":"if","locations":[{"start":{"line":100,"column":8},"end":{"line":103,"column":9}},{"start":{},"end":{}}],"line":100},"7":{"loc":{"start":{"line":112,"column":10},"end":{"line":120,"column":11}},"type":"if","locations":[{"start":{"line":112,"column":10},"end":{"line":120,"column":11}},{"start":{},"end":{}}],"line":112},"8":{"loc":{"start":{"line":115,"column":14},"end":{"line":115,"column":61}},"type":"if","locations":[{"start":{"line":115,"column":14},"end":{"line":115,"column":61}},{"start":{},"end":{}}],"line":115},"9":{"loc":{"start":{"line":137,"column":5},"end":{"line":137,"column":28}},"type":"default-arg","locations":[{"start":{"line":137,"column":24},"end":{"line":137,"column":28}}],"line":137},"10":{"loc":{"start":{"line":140,"column":6},"end":{"line":144,"column":18}},"type":"cond-expr","locations":[{"start":{"line":141,"column":10},"end":{"line":143,"column":11}},{"start":{"line":144,"column":10},"end":{"line":144,"column":18}}],"line":140},"11":{"loc":{"start":{"line":142,"column":30},"end":{"line":142,"column":50}},"type":"binary-expr","locations":[{"start":{"line":142,"column":30},"end":{"line":142,"column":38}},{"start":{"line":142,"column":42},"end":{"line":142,"column":50}}],"line":142},"12":{"loc":{"start":{"line":153,"column":4},"end":{"line":158,"column":5}},"type":"if","locations":[{"start":{"line":153,"column":4},"end":{"line":158,"column":5}},{"start":{},"end":{}}],"line":153},"13":{"loc":{"start":{"line":155,"column":6},"end":{"line":157,"column":7}},"type":"if","locations":[{"start":{"line":155,"column":6},"end":{"line":157,"column":7}},{"start":{},"end":{}}],"line":155},"14":{"loc":{"start":{"line":160,"column":4},"end":{"line":166,"column":5}},"type":"if","locations":[{"start":{"line":160,"column":4},"end":{"line":166,"column":5}},{"start":{},"end":{}}],"line":160},"15":{"loc":{"start":{"line":161,"column":6},"end":{"line":161,"column":50}},"type":"binary-expr","locations":[{"start":{"line":161,"column":6},"end":{"line":161,"column":19}},{"start":{"line":161,"column":23},"end":{"line":161,"column":50}}],"line":161},"16":{"loc":{"start":{"line":162,"column":6},"end":{"line":165,"column":7}},"type":"if","locations":[{"start":{"line":162,"column":6},"end":{"line":165,"column":7}},{"start":{},"end":{}}],"line":162},"17":{"loc":{"start":{"line":185,"column":14},"end":{"line":185,"column":47}},"type":"binary-expr","locations":[{"start":{"line":185,"column":14},"end":{"line":185,"column":29}},{"start":{"line":185,"column":33},"end":{"line":185,"column":47}}],"line":185},"18":{"loc":{"start":{"line":204,"column":18},"end":{"line":204,"column":54}},"type":"binary-expr","locations":[{"start":{"line":204,"column":18},"end":{"line":204,"column":32}},{"start":{"line":204,"column":36},"end":{"line":204,"column":54}}],"line":204},"19":{"loc":{"start":{"line":207,"column":9},"end":{"line":217,"column":9}},"type":"binary-expr","locations":[{"start":{"line":207,"column":9},"end":{"line":207,"column":19}},{"start":{"line":208,"column":10},"end":{"line":216,"column":12}}],"line":207},"20":{"loc":{"start":{"line":221,"column":13},"end":{"line":225,"column":13}},"type":"binary-expr","locations":[{"start":{"line":221,"column":13},"end":{"line":221,"column":28}},{"start":{"line":222,"column":14},"end":{"line":224,"column":21}}],"line":221},"21":{"loc":{"start":{"line":242,"column":2},"end":{"line":242,"column":50}},"type":"default-arg","locations":[{"start":{"line":242,"column":35},"end":{"line":242,"column":50}}],"line":242},"22":{"loc":{"start":{"line":244,"column":2},"end":{"line":253,"column":3}},"type":"switch","locations":[{"start":{"line":245,"column":4},"end":{"line":246,"column":28}},{"start":{"line":247,"column":4},"end":{"line":248,"column":25}},{"start":{"line":249,"column":4},"end":{"line":250,"column":25}},{"start":{"line":251,"column":4},"end":{"line":252,"column":28}}],"line":244},"23":{"loc":{"start":{"line":295,"column":49},"end":{"line":295,"column":36701}},"type":"binary-expr","locations":[{"start":{"line":295,"column":49},"end":{"line":295,"column":86}},{"start":{"line":295,"column":90},"end":{"line":295,"column":36701}}],"line":295}},"s":{"0":1,"1":1,"2":1,"3":1,"4":1,"5":1,"6":1,"7":1,"8":1,"9":1,"10":1,"11":1,"12":10,"13":10,"14":10,"15":10,"16":0,"17":0,"18":0,"19":0,"20":0,"21":0,"22":0,"23":0,"24":0,"25":0,"26":0,"27":0,"28":0,"29":0,"30":0,"31":0,"32":0,"33":0,"34":0,"35":0,"36":0,"37":10,"38":3,"39":3,"40":10,"41":0,"42":0,"43":10,"44":1,"45":1,"46":1,"47":10,"48":10,"49":10,"50":3,"51":3,"52":3,"53":0,"54":10,"55":7,"56":7,"57":1,"58":1,"59":10,"60":10,"61":0,"62":10,"63":0,"64":0,"65":1,"66":1,"67":1,"68":1,"69":10,"70":0,"71":0,"72":0,"73":10,"74":1,"75":1,"76":0,"77":0,"78":0,"79":0,"80":0,"81":1,"82":0,"83":0,"84":0,"85":1,"86":0,"87":0,"88":1,"89":0,"90":0,"91":1},"f":{"0":10,"1":0,"2":0,"3":0,"4":0,"5":0,"6":0,"7":0,"8":3,"9":0,"10":1,"11":1,"12":10,"13":0,"14":0,"15":0,"16":1,"17":10,"18":0,"19":0,"20":0,"21":0,"22":0},"b":{"0":[10],"1":[10],"2":[10],"3":[10,0],"4":[0,0],"5":[0,0],"6":[0,0],"7":[0,0],"8":[0,0],"9":[1],"10":[1,0],"11":[1,0],"12":[3,7],"13":[3,0],"14":[7,3],"15":[7,1],"16":[1,6],"17":[10,10],"18":[10,9],"19":[10,10],"20":[10,6],"21":[10],"22":[0,0,0,10],"23":[0,0]},"_coverageSchema":"1a1c01bbd47fc00a2c39e90264f33305004495a9","hash":"70ccf163f5ed9df33fd18938a3943fd3c868a7c0"}
,"/Users/ray/Dev/react-native/react-native-toaster/src/ToastContext.tsx": {"path":"/Users/ray/Dev/react-native/react-native-toaster/src/ToastContext.tsx","statementMap":{"0":{"start":{"line":28,"column":2},"end":{"line":35,"column":4}},"1":{"start":{"line":32,"column":20},"end":{"line":32,"column":64}},"2":{"start":{"line":34,"column":33},"end":{"line":34,"column":38}},"3":{"start":{"line":39,"column":21},"end":{"line":41,"column":12}},"4":{"start":{"line":43,"column":26},"end":{"line":49,"column":1}},"5":{"start":{"line":44,"column":18},"end":{"line":44,"column":42}},"6":{"start":{"line":45,"column":2},"end":{"line":47,"column":3}},"7":{"start":{"line":46,"column":4},"end":{"line":46,"column":73}},"8":{"start":{"line":48,"column":2},"end":{"line":48,"column":17}},"9":{"start":{"line":62,"column":16},"end":{"line":62,"column":41}},"10":{"start":{"line":63,"column":36},"end":{"line":63,"column":60}},"11":{"start":{"line":64,"column":40},"end":{"line":66,"column":4}},"12":{"start":{"line":68,"column":23},"end":{"line":69,"column":36}},"13":{"start":{"line":69,"column":4},"end":{"line":69,"column":36}},"14":{"start":{"line":70,"column":23},"end":{"line":70,"column":50}},"15":{"start":{"line":70,"column":29},"end":{"line":70,"column":50}},"16":{"start":{"line":72,"column":15},"end":{"line":75,"column":3}},"17":{"start":{"line":73,"column":4},"end":{"line":73,"column":31}},"18":{"start":{"line":74,"column":4},"end":{"line":74,"column":35}},"19":{"start":{"line":77,"column":15},"end":{"line":79,"column":3}},"20":{"start":{"line":78,"column":4},"end":{"line":78,"column":24}},"21":{"start":{"line":81,"column":34},"end":{"line":88,"column":3}},"22":{"start":{"line":82,"column":4},"end":{"line":82,"column":38}},"23":{"start":{"line":82,"column":23},"end":{"line":82,"column":38}},"24":{"start":{"line":83,"column":22},"end":{"line":83,"column":38}},"25":{"start":{"line":84,"column":4},"end":{"line":87,"column":5}},"26":{"start":{"line":85,"column":6},"end":{"line":85,"column":32}},"27":{"start":{"line":86,"column":6},"end":{"line":86,"column":25}},"28":{"start":{"line":90,"column":2},"end":{"line":108,"column":4}}},"fnMap":{"0":{"name":"getToastContext","decl":{"start":{"line":22,"column":9},"end":{"line":22,"column":24}},"loc":{"start":{"line":27,"column":21},"end":{"line":36,"column":1}},"line":27},"1":{"name":"(anonymous_1)","decl":{"start":{"line":32,"column":14},"end":{"line":32,"column":15}},"loc":{"start":{"line":32,"column":20},"end":{"line":32,"column":64}},"line":32},"2":{"name":"(anonymous_2)","decl":{"start":{"line":34,"column":27},"end":{"line":34,"column":28}},"loc":{"start":{"line":34,"column":33},"end":{"line":34,"column":38}},"line":34},"3":{"name":"(anonymous_3)","decl":{"start":{"line":43,"column":26},"end":{"line":43,"column":27}},"loc":{"start":{"line":43,"column":32},"end":{"line":49,"column":1}},"line":43},"4":{"name":"ToastProvider","decl":{"start":{"line":61,"column":16},"end":{"line":61,"column":29}},"loc":{"start":{"line":61,"column":57},"end":{"line":109,"column":1}},"line":61},"5":{"name":"(anonymous_5)","decl":{"start":{"line":68,"column":23},"end":{"line":68,"column":24}},"loc":{"start":{"line":69,"column":4},"end":{"line":69,"column":36}},"line":69},"6":{"name":"(anonymous_6)","decl":{"start":{"line":70,"column":23},"end":{"line":70,"column":24}},"loc":{"start":{"line":70,"column":29},"end":{"line":70,"column":50}},"line":70},"7":{"name":"(anonymous_7)","decl":{"start":{"line":72,"column":15},"end":{"line":72,"column":16}},"loc":{"start":{"line":72,"column":46},"end":{"line":75,"column":3}},"line":72},"8":{"name":"(anonymous_8)","decl":{"start":{"line":77,"column":15},"end":{"line":77,"column":16}},"loc":{"start":{"line":77,"column":21},"end":{"line":79,"column":3}},"line":77},"9":{"name":"(anonymous_9)","decl":{"start":{"line":81,"column":34},"end":{"line":81,"column":35}},"loc":{"start":{"line":81,"column":60},"end":{"line":88,"column":3}},"line":81}},"branchMap":{"0":{"loc":{"start":{"line":45,"column":2},"end":{"line":47,"column":3}},"type":"if","locations":[{"start":{"line":45,"column":2},"end":{"line":47,"column":3}},{"start":{},"end":{}}],"line":45},"1":{"loc":{"start":{"line":81,"column":35},"end":{"line":81,"column":55}},"type":"default-arg","locations":[{"start":{"line":81,"column":51},"end":{"line":81,"column":55}}],"line":81},"2":{"loc":{"start":{"line":82,"column":4},"end":{"line":82,"column":38}},"type":"if","locations":[{"start":{"line":82,"column":4},"end":{"line":82,"column":38}},{"start":{},"end":{}}],"line":82},"3":{"loc":{"start":{"line":84,"column":4},"end":{"line":87,"column":5}},"type":"if","locations":[{"start":{"line":84,"column":4},"end":{"line":87,"column":5}},{"start":{},"end":{}}],"line":84}},"s":{"0":5,"1":1,"2":1,"3":1,"4":1,"5":4,"6":4,"7":0,"8":4,"9":5,"10":5,"11":5,"12":5,"13":1,"14":5,"15":0,"16":5,"17":1,"18":1,"19":5,"20":1,"21":5,"22":1,"23":0,"24":1,"25":1,"26":1,"27":1,"28":5},"f":{"0":5,"1":1,"2":1,"3":4,"4":5,"5":1,"6":0,"7":1,"8":1,"9":1},"b":{"0":[0,4],"1":[0],"2":[0,1],"3":[1,0]},"_coverageSchema":"1a1c01bbd47fc00a2c39e90264f33305004495a9","hash":"37f28d5232c522b3210420d91349ac1994f31a68"}
,"/Users/ray/Dev/react-native/react-native-toaster/src/index.tsx": {"path":"/Users/ray/Dev/react-native/react-native-toaster/src/index.tsx","statementMap":{},"fnMap":{},"branchMap":{},"s":{},"f":{},"b":{},"_coverageSchema":"1a1c01bbd47fc00a2c39e90264f33305004495a9","hash":"14f2a53cafb9bcdeb060d4e9b5d4f8b6981bd81d"}
,"/Users/ray/Dev/react-native/react-native-toaster/src/types.ts": {"path":"/Users/ray/Dev/react-native/react-native-toaster/src/types.ts","statementMap":{},"fnMap":{},"branchMap":{},"s":{},"f":{},"b":{},"_coverageSchema":"1a1c01bbd47fc00a2c39e90264f33305004495a9","hash":"18e1990895083c8a749edd7fe474fc81fb8d27ea"}
,"/Users/ray/Dev/react-native/react-native-toaster/src/utils.ts": {"path":"/Users/ray/Dev/react-native/react-native-toaster/src/utils.ts","statementMap":{"0":{"start":{"line":3,"column":2},"end":{"line":6,"column":4}},"1":{"start":{"line":4,"column":4},"end":{"line":4,"column":26}},"2":{"start":{"line":5,"column":4},"end":{"line":5,"column":38}},"3":{"start":{"line":10,"column":2},"end":{"line":10,"column":50}}},"fnMap":{"0":{"name":"debounce","decl":{"start":{"line":1,"column":16},"end":{"line":1,"column":24}},"loc":{"start":{"line":1,"column":58},"end":{"line":7,"column":1}},"line":1},"1":{"name":"(anonymous_1)","decl":{"start":{"line":3,"column":9},"end":{"line":3,"column":10}},"loc":{"start":{"line":3,"column":15},"end":{"line":6,"column":3}},"line":3},"2":{"name":"isJestRunningCode","decl":{"start":{"line":9,"column":16},"end":{"line":9,"column":33}},"loc":{"start":{"line":9,"column":36},"end":{"line":11,"column":1}},"line":9}},"branchMap":{},"s":{"0":0,"1":0,"2":0,"3":2},"f":{"0":0,"1":0,"2":2},"b":{},"_coverageSchema":"1a1c01bbd47fc00a2c39e90264f33305004495a9","hash":"a888c94d991358ab4b2ae6a1691aa3516af8b5f4"}
}
