TN:
SF:src/Toast.tsx
FN:66,Toast
FN:77,(anonymous_1)
FN:78,(anonymous_2)
FN:82,(anonymous_3)
FN:87,(anonymous_4)
FN:99,(anonymous_5)
FN:111,(anonymous_6)
FN:114,(anonymous_7)
FN:126,(anonymous_8)
FN:131,(anonymous_9)
FN:137,(anonymous_10)
FN:142,(anonymous_11)
FN:152,(anonymous_12)
FN:156,(anonymous_13)
FN:169,(anonymous_14)
FN:196,(anonymous_15)
FN:200,(anonymous_16)
FN:240,(anonymous_17)
FN:295,oo_cm
FN:295,oo_oo
FN:295,oo_tr
FN:295,oo_ts
FN:295,oo_te
FNF:23
FNH:7
FNDA:10,Toast
FNDA:0,(anonymous_1)
FNDA:0,(anonymous_2)
FNDA:0,(anonymous_3)
FNDA:0,(anonymous_4)
FNDA:0,(anonymous_5)
FNDA:0,(anonymous_6)
FNDA:0,(anonymous_7)
FNDA:2,(anonymous_8)
FNDA:0,(anonymous_9)
FNDA:1,(anonymous_10)
FNDA:1,(anonymous_11)
FNDA:10,(anonymous_12)
FNDA:0,(anonymous_13)
FNDA:0,(anonymous_14)
FNDA:0,(anonymous_15)
FNDA:1,(anonymous_16)
FNDA:10,(anonymous_17)
FNDA:0,oo_cm
FNDA:0,oo_oo
FNDA:0,oo_tr
FNDA:0,oo_ts
FNDA:0,oo_te
DA:18,1
DA:19,1
DA:20,1
DA:21,1
DA:22,1
DA:23,1
DA:24,1
DA:25,1
DA:31,1
DA:37,1
DA:38,1
DA:64,1
DA:72,10
DA:73,10
DA:74,10
DA:75,10
DA:77,0
DA:80,0
DA:83,0
DA:86,0
DA:87,0
DA:89,0
DA:90,0
DA:93,0
DA:96,0
DA:100,0
DA:102,0
DA:106,0
DA:111,0
DA:112,0
DA:114,0
DA:115,0
DA:116,0
DA:117,0
DA:119,0
DA:126,10
DA:127,2
DA:128,2
DA:131,10
DA:132,0
DA:133,0
DA:136,10
DA:138,1
DA:140,1
DA:142,1
DA:149,10
DA:152,10
DA:153,10
DA:154,2
DA:155,2
DA:156,2
DA:160,10
DA:161,8
DA:162,8
DA:163,1
DA:164,1
DA:167,10
DA:169,10
DA:173,10
DA:197,0
DA:198,0
DA:201,1
DA:202,1
DA:233,1
DA:240,1
DA:244,10
DA:246,0
DA:248,0
DA:250,0
DA:252,10
DA:256,1
DA:258,1
DA:295,1
LF:73
LH:47
BRDA:67,0,0,10
BRDA:68,1,0,10
BRDA:69,2,0,10
BRDA:72,3,0,10
BRDA:72,3,1,0
BRDA:83,4,0,0
BRDA:83,4,1,0
BRDA:90,5,0,0
BRDA:90,5,1,0
BRDA:100,6,0,0
BRDA:100,6,1,0
BRDA:112,7,0,0
BRDA:112,7,1,0
BRDA:115,8,0,0
BRDA:115,8,1,0
BRDA:137,9,0,1
BRDA:140,10,0,1
BRDA:140,10,1,0
BRDA:142,11,0,1
BRDA:142,11,1,0
BRDA:153,12,0,2
BRDA:153,12,1,8
BRDA:155,13,0,2
BRDA:155,13,1,0
BRDA:160,14,0,8
BRDA:160,14,1,2
BRDA:161,15,0,8
BRDA:161,15,1,1
BRDA:162,16,0,1
BRDA:162,16,1,7
BRDA:185,17,0,10
BRDA:185,17,1,10
BRDA:204,18,0,10
BRDA:204,18,1,9
BRDA:207,19,0,10
BRDA:207,19,1,10
BRDA:221,20,0,10
BRDA:221,20,1,6
BRDA:242,21,0,10
BRDA:244,22,0,0
BRDA:244,22,1,0
BRDA:244,22,2,0
BRDA:244,22,3,10
BRDA:295,23,0,0
BRDA:295,23,1,0
BRF:45
BRH:26
end_of_record
TN:
SF:src/ToastContext.tsx
FN:22,getToastContext
FN:32,(anonymous_1)
FN:34,(anonymous_2)
FN:43,(anonymous_3)
FN:61,ToastProvider
FN:68,(anonymous_5)
FN:70,(anonymous_6)
FN:72,(anonymous_7)
FN:77,(anonymous_8)
FN:81,(anonymous_9)
FNF:10
FNH:9
FNDA:5,getToastContext
FNDA:1,(anonymous_1)
FNDA:1,(anonymous_2)
FNDA:4,(anonymous_3)
FNDA:5,ToastProvider
FNDA:1,(anonymous_5)
FNDA:0,(anonymous_6)
FNDA:1,(anonymous_7)
FNDA:1,(anonymous_8)
FNDA:1,(anonymous_9)
DA:28,5
DA:32,1
DA:34,1
DA:39,1
DA:43,1
DA:44,4
DA:45,4
DA:46,0
DA:48,4
DA:62,5
DA:63,5
DA:64,5
DA:68,5
DA:69,1
DA:70,5
DA:72,5
DA:73,1
DA:74,1
DA:77,5
DA:78,1
DA:81,5
DA:82,1
DA:83,1
DA:84,1
DA:85,1
DA:86,1
DA:90,5
LF:27
LH:26
BRDA:45,0,0,0
BRDA:45,0,1,4
BRDA:81,1,0,0
BRDA:82,2,0,0
BRDA:82,2,1,1
BRDA:84,3,0,1
BRDA:84,3,1,0
BRF:7
BRH:3
end_of_record
TN:
SF:src/index.tsx
FNF:0
FNH:0
LF:0
LH:0
BRF:0
BRH:0
end_of_record
TN:
SF:src/types.ts
FNF:0
FNH:0
LF:0
LH:0
BRF:0
BRH:0
end_of_record
TN:
SF:src/utils.ts
FN:1,debounce
FN:3,(anonymous_1)
FN:9,isJestRunningCode
FNF:3
FNH:1
FNDA:0,debounce
FNDA:0,(anonymous_1)
FNDA:2,isJestRunningCode
DA:3,0
DA:4,0
DA:5,0
DA:10,2
LF:4
LH:1
BRF:0
BRH:0
end_of_record
